2024-06-14T11:35:25  docs: clarify usage notes
2024-06-27T18:52:32  test: add edge case
2024-08-03T13:09:39  refactor: tidy internals
2024-08-24T08:26:46  fix: handle empty input gracefully
2024-09-06T15:43:53  perf: micro-optimization
2024-10-21T10:00:00  style: formatting
2024-11-03T17:17:07  chore: bump dev tooling
2024-11-24T12:34:14  docs: expand examples
2024-12-31T19:51:21  test: strengthen coverage
2025-01-21T14:08:28  chore: tune defaults
2025-02-03T09:25:35  refactor: simplify helper
2025-03-20T16:42:42  chore: routine maintenance
2025-04-02T11:59:49  docs: clarify usage notes
2025-04-23T18:16:56  test: add edge case
2025-05-30T13:33:03  refactor: tidy internals
2025-06-20T08:50:10  fix: handle empty input gracefully
2025-07-03T15:07:17  perf: micro-optimization
2025-07-23T10:24:24  style: formatting
2025-08-30T17:41:31  chore: bump dev tooling
2025-09-12T12:58:38  docs: expand examples
2025-10-03T19:15:45  test: strengthen coverage
2025-11-09T14:32:52  chore: tune defaults
2025-11-30T09:49:59  refactor: simplify helper
2026-01-06T16:06:06  chore: routine maintenance
2026-01-27T11:23:13  docs: clarify usage notes
2026-02-09T18:40:20  test: add edge case
2026-03-02T13:57:27  refactor: tidy internals
2026-04-08T08:14:34  fix: handle empty input gracefully
2026-04-29T15:31:41  perf: micro-optimization
2026-05-12T10:48:48  style: formatting
2024-09-03T11:35:25  feat: with great power comes great test coverage
2024-10-10T18:52:32  chore: one does not simply skip CI
2025-02-12T13:09:39  docs: standing on the shoulders of giants (garak, sigma, trufflehog)
2025-05-31T08:26:46  chore: tip of the hat to Thinkst, Bellingcat, and SigmaHQ
2025-07-08T15:43:53  fix: works on my machine (TM)
2025-10-24T10:00:00  chore: in case of fire — commit, push, leave building
2026-02-26T17:17:07  docs: ELI5 pass
2026-03-19T12:34:14  refactor: future me will understand this
